<?xml version="1.0" encoding="UTF-8"?>
<!-- Generated by org.testng.reporters.JUnitReportReporter -->
<testsuite hostname="DESKTOP-8AABIJB" failures="0" tests="1" name="Scripts.DWS_TC_003_Test" time="32.602" errors="0" timestamp="2023-12-28T12:16:14 IST" skipped="0">
  <testcase classname="Scripts.DWS_TC_003_Test" name="productToCartSection" time="32.602"/>
  <system-out>
Home page is displayed Electronics page is displayed CellPhones is displayed Smartphone is added to cart Shopping Cart is Displayed Smartphone is present in cart page  </system-out>
</testsuite> <!-- Scripts.DWS_TC_003_Test -->
