<?xml version="1.0" encoding="UTF-8"?>
<!-- Generated by org.testng.reporters.JUnitReportReporter -->
<testsuite hostname="DESKTOP-8AABIJB" failures="0" tests="1" name="Scripts.DWS_TC_002" time="83.136" errors="0" timestamp="2023-12-26T17:27:46 IST" skipped="0">
  <testcase classname="Scripts.DWS_TC_002" name="placingOrder" time="83.136"/>
  <system-out>
Home page is displayed Electronics page is displayed CellPhones is displayed Smartphone is added to cart Shopping Cart is Displayed clicked on terms of services checkbox clicked on Checkout button Billing Address continue button clicked Shipping Address continue button clicked Shipping method continue button clicked Payment method continue button clicked Payment information continue button clicked Confirm Button clicked Order number: 1570370 obtained Orders link is clicked order is present  </system-out>
</testsuite> <!-- Scripts.DWS_TC_002 -->
