<?xml version="1.0" encoding="UTF-8"?>
<!-- Generated by org.testng.reporters.JUnitReportReporter -->
<testsuite hostname="DESKTOP-8AABIJB" failures="0" tests="1" name="Scripts.DWS_TC_007_Test" time="33.473" errors="0" timestamp="2023-12-28T12:16:14 IST" skipped="0">
  <testcase classname="Scripts.DWS_TC_007_Test" name="placingOrderWithCashOnDelivery" time="33.473"/>
  <system-out>
Home page is displayed Electronics page is displayed CellPhones is displayed Smartphone is added to cart Shopping Cart is Displayed clicked on terms of services checkbox clicked on Checkout button Checkout Page opened Billing Address continue button clicked Shipping Address continue button clicked Shipping method continue button clicked COD is clicked Payment method continue button clicked Payment information continue button clicked Confirm Button clicked  </system-out>
</testsuite> <!-- Scripts.DWS_TC_007_Test -->
