<?xml version="1.0" encoding="UTF-8"?>
<!-- Generated by org.testng.reporters.JUnitReportReporter -->
<testsuite hostname="DESKTOP-8AABIJB" failures="0" tests="1" name="Scripts.DWS_TC_001_Test" time="29.209" errors="0" timestamp="2023-12-28T12:16:14 IST" skipped="0">
  <testcase classname="Scripts.DWS_TC_001_Test" name="loginWithValidCredentials" time="29.209"/>
  <system-out>
Home page is displayed  </system-out>
</testsuite> <!-- Scripts.DWS_TC_001_Test -->
