<?xml version="1.0" encoding="UTF-8"?>
<!-- Generated by org.testng.reporters.JUnitReportReporter -->
<testsuite hostname="DESKTOP-8AABIJB" failures="0" tests="1" name="Scripts.DWS_TC_001" time="7.800" errors="0" timestamp="2023-12-26T12:31:55 IST" skipped="0">
  <testcase classname="Scripts.DWS_TC_001" name="loginWithValidCredentials" time="7.800"/>
  <system-out/>
</testsuite> <!-- Scripts.DWS_TC_001 -->
