<?xml version="1.0" encoding="UTF-8"?>
<!-- Generated by org.testng.reporters.JUnitReportReporter -->
<testsuite hostname="DESKTOP-8AABIJB" failures="0" tests="1" name="Scripts.DWS_TC_002_Test" time="39.368" errors="0" timestamp="2023-12-28T12:16:14 IST" skipped="0">
  <testcase classname="Scripts.DWS_TC_002_Test" name="placingOrder" time="39.368"/>
  <system-out>
Home page is displayed Electronics page is displayed CellPhones is displayed Smartphone is added to cart Shopping Cart is Displayed clicked on terms of services checkbox clicked on Checkout button Checkout Page opened Billing Address continue button clicked Shipping Address continue button clicked Shipping method continue button clicked Payment method continue button clicked Payment information continue button clicked Confirm Button clicked Order confirmation page is displayed Order number: 1571581 obtained Orders link is clicked order is present  </system-out>
</testsuite> <!-- Scripts.DWS_TC_002_Test -->
